<?xml version="1.0" encoding="UTF-8"?>
<!-- Generated by org.testng.reporters.JUnitXMLReporter -->
<testsuite ignored="0" hostname="lenovo" failures="0" tests="3" name="Default test" time="19.511" errors="0" timestamp="2024-10-30T21:48:39 GST">
  <testcase classname="parameterizationdatadriventesting.Login" name="loginWithValidCredentials" time="7.386"/>
  <testcase classname="parameterizationdatadriventesting.Login" name="loginWithValidCredentials" time="6.067"/>
  <testcase classname="parameterizationdatadriventesting.Login" name="loginWithValidCredentials" time="5.98"/>
</testsuite> <!-- Default test -->
